[2024-12-19 18:29:09,159] INFO day18:99 > Begin 
[2024-12-19 18:29:09,159] DEBUG map_of_coordinates:65 > Number of coordinates: 25 
[2024-12-19 18:29:09,159] DEBUG map_of_coordinates:66 > Height: 7 | Width: 7 
[2024-12-19 18:29:09,159] DEBUG map_of_coordinates:68 > Index:    0 | Y:    4 | X:    5 
[2024-12-19 18:29:09,159] DEBUG map_of_coordinates:68 > Index:    1 | Y:    2 | X:    4 
[2024-12-19 18:29:09,159] DEBUG map_of_coordinates:68 > Index:    2 | Y:    5 | X:    4 
[2024-12-19 18:29:09,159] DEBUG map_of_coordinates:68 > Index:    3 | Y:    0 | X:    3 
[2024-12-19 18:29:09,159] DEBUG map_of_coordinates:68 > Index:    4 | Y:    1 | X:    2 
[2024-12-19 18:29:09,159] DEBUG map_of_coordinates:68 > Index:    5 | Y:    3 | X:    6 
[2024-12-19 18:29:09,159] DEBUG map_of_coordinates:68 > Index:    6 | Y:    4 | X:    2 
[2024-12-19 18:29:09,159] DEBUG map_of_coordinates:68 > Index:    7 | Y:    5 | X:    1 
[2024-12-19 18:29:09,159] DEBUG map_of_coordinates:68 > Index:    8 | Y:    6 | X:    0 
[2024-12-19 18:29:09,159] DEBUG map_of_coordinates:68 > Index:    9 | Y:    3 | X:    3 
[2024-12-19 18:29:09,159] DEBUG map_of_coordinates:68 > Index:   10 | Y:    6 | X:    2 
[2024-12-19 18:29:09,159] DEBUG map_of_coordinates:68 > Index:   11 | Y:    1 | X:    5 
[2024-12-19 18:29:09,159] DEBUG map_of_coordinates:68 > Index:   12 | Y:    2 | X:    1 
[2024-12-19 18:29:09,159] DEBUG map_of_coordinates:68 > Index:   13 | Y:    5 | X:    5 
[2024-12-19 18:29:09,159] DEBUG map_of_coordinates:68 > Index:   14 | Y:    5 | X:    2 
[2024-12-19 18:29:09,159] DEBUG map_of_coordinates:68 > Index:   15 | Y:    5 | X:    6 
[2024-12-19 18:29:09,159] DEBUG map_of_coordinates:68 > Index:   16 | Y:    4 | X:    1 
[2024-12-19 18:29:09,159] DEBUG map_of_coordinates:68 > Index:   17 | Y:    4 | X:    0 
[2024-12-19 18:29:09,159] DEBUG map_of_coordinates:68 > Index:   18 | Y:    4 | X:    6 
[2024-12-19 18:29:09,159] DEBUG map_of_coordinates:68 > Index:   19 | Y:    1 | X:    1 
[2024-12-19 18:29:09,159] DEBUG map_of_coordinates:68 > Index:   20 | Y:    1 | X:    6 
[2024-12-19 18:29:09,159] DEBUG map_of_coordinates:68 > Index:   21 | Y:    0 | X:    1 
[2024-12-19 18:29:09,159] DEBUG map_of_coordinates:68 > Index:   22 | Y:    5 | X:    0 
[2024-12-19 18:29:09,159] DEBUG map_of_coordinates:68 > Index:   23 | Y:    6 | X:    1 
[2024-12-19 18:29:09,159] DEBUG map_of_coordinates:68 > Index:   24 | Y:    0 | X:    2 
[2024-12-19 18:29:09,159] DEBUG map_of_symbols:323 > Size H: 7 W: 7 
[2024-12-19 18:29:09,159] INFO map_of_symbols:159 > 
Width: 7 | Height: 7
 . . . # . . .
 . . # . . # .
 . . . . # . .
 . . . # . . #
 . . # . . # .
 . # . . # . .
 # . # . . . . 
