[2024-12-19 17:09:50,257] INFO day17-tree-solution:328 > Begin 
[2024-12-19 17:09:50,302] INFO day17-tree-solution:193 > SOLUTION: Level: 16 | Visits: 0 | Num Children: 0 | Payload Fitness: 16 16 | Input: [4, 6, 7, 6, 3, 1, 5, 6, 0, 0, 1, 5, 5, 3, 0, 1] | Output [2, 4, 1, 2, 7, 5, 4, 7, 1, 3, 5, 5, 0, 3, 3, 0]  
[2024-12-19 17:09:50,302] INFO day17-tree-solution:198 > Decimal: 37221274271220 octal: 0o1035510065136764 
[2024-12-19 17:09:50,302] INFO day17-tree-solution:193 > SOLUTION: Level: 16 | Visits: 1 | Num Children: 0 | Payload Fitness: 16 16 | Input: [4, 6, 7, 6, 3, 1, 5, 6, 0, 0, 1, 5, 5, 3, 0, 1] | Output [2, 4, 1, 2, 7, 5, 4, 7, 1, 3, 5, 5, 0, 3, 3, 0]  
[2024-12-19 17:09:50,302] INFO day17-tree-solution:198 > Decimal: 37221274271220 octal: 0o1035510065136764 
[2024-12-19 17:09:50,302] INFO day17-tree-solution:193 > SOLUTION: Level: 16 | Visits: 2 | Num Children: 0 | Payload Fitness: 16 16 | Input: [4, 6, 7, 6, 3, 1, 5, 6, 0, 0, 1, 5, 5, 3, 0, 1] | Output [2, 4, 1, 2, 7, 5, 4, 7, 1, 3, 5, 5, 0, 3, 3, 0]  
[2024-12-19 17:09:50,302] INFO day17-tree-solution:198 > Decimal: 37221274271220 octal: 0o1035510065136764 
[2024-12-19 17:09:50,303] INFO day17-tree-solution:193 > SOLUTION: Level: 16 | Visits: 3 | Num Children: 0 | Payload Fitness: 16 16 | Input: [4, 6, 7, 6, 3, 1, 5, 6, 0, 0, 1, 5, 5, 3, 0, 1] | Output [2, 4, 1, 2, 7, 5, 4, 7, 1, 3, 5, 5, 0, 3, 3, 0]  
[2024-12-19 17:09:50,303] INFO day17-tree-solution:198 > Decimal: 37221274271220 octal: 0o1035510065136764 
[2024-12-19 17:09:50,303] INFO day17-tree-solution:193 > SOLUTION: Level: 16 | Visits: 4 | Num Children: 0 | Payload Fitness: 16 16 | Input: [4, 6, 7, 6, 3, 1, 5, 6, 0, 0, 1, 5, 5, 3, 0, 1] | Output [2, 4, 1, 2, 7, 5, 4, 7, 1, 3, 5, 5, 0, 3, 3, 0]  
[2024-12-19 17:09:50,303] INFO day17-tree-solution:198 > Decimal: 37221274271220 octal: 0o1035510065136764 
[2024-12-19 17:09:50,303] INFO day17-tree-solution:193 > SOLUTION: Level: 16 | Visits: 5 | Num Children: 0 | Payload Fitness: 16 16 | Input: [4, 6, 7, 6, 3, 1, 5, 6, 0, 0, 1, 5, 5, 3, 0, 1] | Output [2, 4, 1, 2, 7, 5, 4, 7, 1, 3, 5, 5, 0, 3, 3, 0]  
[2024-12-19 17:09:50,303] INFO day17-tree-solution:198 > Decimal: 37221274271220 octal: 0o1035510065136764 
[2024-12-19 17:09:50,303] INFO day17-tree-solution:193 > SOLUTION: Level: 16 | Visits: 6 | Num Children: 0 | Payload Fitness: 16 16 | Input: [4, 6, 7, 6, 3, 1, 5, 6, 0, 0, 1, 5, 5, 3, 0, 1] | Output [2, 4, 1, 2, 7, 5, 4, 7, 1, 3, 5, 5, 0, 3, 3, 0]  
[2024-12-19 17:09:50,303] INFO day17-tree-solution:198 > Decimal: 37221274271220 octal: 0o1035510065136764 
[2024-12-19 17:09:50,303] INFO day17-tree-solution:193 > SOLUTION: Level: 16 | Visits: 7 | Num Children: 0 | Payload Fitness: 16 16 | Input: [4, 6, 7, 6, 3, 1, 5, 6, 0, 0, 1, 5, 5, 3, 0, 1] | Output [2, 4, 1, 2, 7, 5, 4, 7, 1, 3, 5, 5, 0, 3, 3, 0]  
[2024-12-19 17:09:50,303] INFO day17-tree-solution:198 > Decimal: 37221274271220 octal: 0o1035510065136764 
[2024-12-19 17:09:50,303] INFO day17-tree-solution:193 > SOLUTION: Level: 16 | Visits: 8 | Num Children: 0 | Payload Fitness: 16 16 | Input: [4, 6, 7, 6, 3, 1, 5, 6, 0, 0, 1, 5, 5, 3, 0, 1] | Output [2, 4, 1, 2, 7, 5, 4, 7, 1, 3, 5, 5, 0, 3, 3, 0]  
[2024-12-19 17:09:50,303] INFO day17-tree-solution:198 > Decimal: 37221274271220 octal: 0o1035510065136764 
[2024-12-19 17:09:50,303] INFO day17-tree-solution:193 > SOLUTION: Level: 16 | Visits: 9 | Num Children: 0 | Payload Fitness: 16 16 | Input: [4, 6, 7, 6, 3, 1, 5, 6, 0, 0, 1, 5, 5, 3, 0, 1] | Output [2, 4, 1, 2, 7, 5, 4, 7, 1, 3, 5, 5, 0, 3, 3, 0]  
[2024-12-19 17:09:50,303] INFO day17-tree-solution:198 > Decimal: 37221274271220 octal: 0o1035510065136764 
[2024-12-19 17:09:50,303] INFO day17-tree-solution:193 > SOLUTION: Level: 16 | Visits: 10 | Num Children: 0 | Payload Fitness: 16 16 | Input: [4, 6, 7, 6, 3, 1, 5, 6, 0, 0, 1, 5, 5, 3, 0, 1] | Output [2, 4, 1, 2, 7, 5, 4, 7, 1, 3, 5, 5, 0, 3, 3, 0]  
[2024-12-19 17:09:50,303] INFO day17-tree-solution:198 > Decimal: 37221274271220 octal: 0o1035510065136764 
[2024-12-19 17:09:50,303] INFO day17-tree-solution:193 > SOLUTION: Level: 16 | Visits: 11 | Num Children: 0 | Payload Fitness: 16 16 | Input: [4, 6, 7, 6, 3, 1, 5, 6, 0, 0, 1, 5, 5, 3, 0, 1] | Output [2, 4, 1, 2, 7, 5, 4, 7, 1, 3, 5, 5, 0, 3, 3, 0]  
[2024-12-19 17:09:50,303] INFO day17-tree-solution:198 > Decimal: 37221274271220 octal: 0o1035510065136764 
[2024-12-19 17:09:50,310] INFO day17-tree-solution:181 > Iteration 500 Processing Level: 15 | Visits: 0 | Num Children: 0 | Payload Fitness: 13 14 | Input: [0, 1, 4, 6, 3, 1, 5, 6, 0, 0, 1, 5, 5, 3, 0, 1] | Output [3, 4, 6, 2, 7, 5, 4, 7, 1, 3, 5, 5, 0, 3, 3, 0]  | DOWN 200 | UP 205 | NEW 159 | ROLL 205  0 
[2024-12-19 17:09:50,356] INFO day17-tree-solution:181 > Iteration 1000 Processing Level: 7 | Visits: 1 | Num Children: 8 | Payload Fitness: 6 7 | Input: [0, 0, 0, 0, 0, 0, 0, 0, 0, 5, 1, 5, 5, 3, 0, 1] | Output [1, 1, 1, 1, 1, 1, 1, 1, 3, 2, 5, 5, 0, 3, 3, 0]  | DOWN 426 | UP 455 | NEW 342 | ROLL 453  2 
[2024-12-19 17:09:50,400] INFO day17-tree-solution:193 > SOLUTION: Level: 16 | Visits: 0 | Num Children: 0 | Payload Fitness: 16 16 | Input: [4, 6, 7, 6, 3, 1, 5, 6, 0, 4, 0, 6, 5, 6, 0, 1] | Output [2, 4, 1, 2, 7, 5, 4, 7, 1, 3, 5, 5, 0, 3, 3, 0]  
[2024-12-19 17:09:50,400] INFO day17-tree-solution:198 > Decimal: 38878594776564 octal: 0o1065604065136764 
[2024-12-19 17:09:50,400] INFO day17-tree-solution:193 > SOLUTION: Level: 16 | Visits: 1 | Num Children: 0 | Payload Fitness: 16 16 | Input: [4, 6, 7, 6, 3, 1, 5, 6, 0, 4, 0, 6, 5, 6, 0, 1] | Output [2, 4, 1, 2, 7, 5, 4, 7, 1, 3, 5, 5, 0, 3, 3, 0]  
[2024-12-19 17:09:50,400] INFO day17-tree-solution:198 > Decimal: 38878594776564 octal: 0o1065604065136764 
[2024-12-19 17:09:50,400] INFO day17-tree-solution:193 > SOLUTION: Level: 16 | Visits: 2 | Num Children: 0 | Payload Fitness: 16 16 | Input: [4, 6, 7, 6, 3, 1, 5, 6, 0, 4, 0, 6, 5, 6, 0, 1] | Output [2, 4, 1, 2, 7, 5, 4, 7, 1, 3, 5, 5, 0, 3, 3, 0]  
[2024-12-19 17:09:50,400] INFO day17-tree-solution:198 > Decimal: 38878594776564 octal: 0o1065604065136764 
[2024-12-19 17:09:50,400] INFO day17-tree-solution:193 > SOLUTION: Level: 16 | Visits: 3 | Num Children: 0 | Payload Fitness: 16 16 | Input: [4, 6, 7, 6, 3, 1, 5, 6, 0, 4, 0, 6, 5, 6, 0, 1] | Output [2, 4, 1, 2, 7, 5, 4, 7, 1, 3, 5, 5, 0, 3, 3, 0]  
[2024-12-19 17:09:50,400] INFO day17-tree-solution:198 > Decimal: 38878594776564 octal: 0o1065604065136764 
[2024-12-19 17:09:50,400] INFO day17-tree-solution:193 > SOLUTION: Level: 16 | Visits: 4 | Num Children: 0 | Payload Fitness: 16 16 | Input: [4, 6, 7, 6, 3, 1, 5, 6, 0, 4, 0, 6, 5, 6, 0, 1] | Output [2, 4, 1, 2, 7, 5, 4, 7, 1, 3, 5, 5, 0, 3, 3, 0]  
[2024-12-19 17:09:50,400] INFO day17-tree-solution:198 > Decimal: 38878594776564 octal: 0o1065604065136764 
[2024-12-19 17:09:50,400] INFO day17-tree-solution:193 > SOLUTION: Level: 16 | Visits: 5 | Num Children: 0 | Payload Fitness: 16 16 | Input: [4, 6, 7, 6, 3, 1, 5, 6, 0, 4, 0, 6, 5, 6, 0, 1] | Output [2, 4, 1, 2, 7, 5, 4, 7, 1, 3, 5, 5, 0, 3, 3, 0]  
[2024-12-19 17:09:50,400] INFO day17-tree-solution:198 > Decimal: 38878594776564 octal: 0o1065604065136764 
[2024-12-19 17:09:50,400] INFO day17-tree-solution:193 > SOLUTION: Level: 16 | Visits: 6 | Num Children: 0 | Payload Fitness: 16 16 | Input: [4, 6, 7, 6, 3, 1, 5, 6, 0, 4, 0, 6, 5, 6, 0, 1] | Output [2, 4, 1, 2, 7, 5, 4, 7, 1, 3, 5, 5, 0, 3, 3, 0]  
[2024-12-19 17:09:50,400] INFO day17-tree-solution:198 > Decimal: 38878594776564 octal: 0o1065604065136764 
[2024-12-19 17:09:50,400] INFO day17-tree-solution:193 > SOLUTION: Level: 16 | Visits: 7 | Num Children: 0 | Payload Fitness: 16 16 | Input: [4, 6, 7, 6, 3, 1, 5, 6, 0, 4, 0, 6, 5, 6, 0, 1] | Output [2, 4, 1, 2, 7, 5, 4, 7, 1, 3, 5, 5, 0, 3, 3, 0]  
[2024-12-19 17:09:50,400] INFO day17-tree-solution:198 > Decimal: 38878594776564 octal: 0o1065604065136764 
[2024-12-19 17:09:50,400] INFO day17-tree-solution:193 > SOLUTION: Level: 16 | Visits: 8 | Num Children: 0 | Payload Fitness: 16 16 | Input: [4, 6, 7, 6, 3, 1, 5, 6, 0, 4, 0, 6, 5, 6, 0, 1] | Output [2, 4, 1, 2, 7, 5, 4, 7, 1, 3, 5, 5, 0, 3, 3, 0]  
[2024-12-19 17:09:50,400] INFO day17-tree-solution:198 > Decimal: 38878594776564 octal: 0o1065604065136764 
[2024-12-19 17:09:50,400] INFO day17-tree-solution:193 > SOLUTION: Level: 16 | Visits: 9 | Num Children: 0 | Payload Fitness: 16 16 | Input: [4, 6, 7, 6, 3, 1, 5, 6, 0, 4, 0, 6, 5, 6, 0, 1] | Output [2, 4, 1, 2, 7, 5, 4, 7, 1, 3, 5, 5, 0, 3, 3, 0]  
[2024-12-19 17:09:50,400] INFO day17-tree-solution:198 > Decimal: 38878594776564 octal: 0o1065604065136764 
[2024-12-19 17:09:50,400] INFO day17-tree-solution:193 > SOLUTION: Level: 16 | Visits: 10 | Num Children: 0 | Payload Fitness: 16 16 | Input: [4, 6, 7, 6, 3, 1, 5, 6, 0, 4, 0, 6, 5, 6, 0, 1] | Output [2, 4, 1, 2, 7, 5, 4, 7, 1, 3, 5, 5, 0, 3, 3, 0]  
[2024-12-19 17:09:50,400] INFO day17-tree-solution:198 > Decimal: 38878594776564 octal: 0o1065604065136764 
[2024-12-19 17:09:50,400] INFO day17-tree-solution:193 > SOLUTION: Level: 16 | Visits: 11 | Num Children: 0 | Payload Fitness: 16 16 | Input: [4, 6, 7, 6, 3, 1, 5, 6, 0, 4, 0, 6, 5, 6, 0, 1] | Output [2, 4, 1, 2, 7, 5, 4, 7, 1, 3, 5, 5, 0, 3, 3, 0]  
[2024-12-19 17:09:50,400] INFO day17-tree-solution:198 > Decimal: 38878594776564 octal: 0o1065604065136764 
[2024-12-19 17:09:50,400] INFO day17-tree-solution:181 > Iteration 1500 Processing Level: 13 | Visits: 7 | Num Children: 8 | Payload Fitness: 13 13 | Input: [0, 0, 0, 6, 3, 1, 5, 6, 0, 4, 0, 6, 5, 6, 0, 1] | Output [1, 1, 5, 2, 7, 5, 4, 7, 1, 3, 5, 5, 0, 3, 3, 0]  | DOWN 622 | UP 668 | NEW 497 | ROLL 666  2 
[2024-12-19 17:09:50,442] INFO day17-tree-solution:181 > Iteration 2000 Processing Level: 9 | Visits: 1 | Num Children: 8 | Payload Fitness: 7 9 | Input: [0, 0, 0, 0, 0, 0, 0, 7, 5, 4, 0, 6, 5, 6, 0, 1] | Output [1, 1, 1, 1, 1, 1, 7, 7, 4, 3, 5, 5, 0, 3, 3, 0]  | DOWN 834 | UP 909 | NEW 657 | ROLL 907  2 
[2024-12-19 17:09:50,491] INFO day17-tree-solution:193 > SOLUTION: Level: 16 | Visits: 0 | Num Children: 0 | Payload Fitness: 16 16 | Input: [4, 6, 7, 6, 3, 1, 5, 6, 0, 4, 7, 6, 5, 6, 0, 1] | Output [2, 4, 1, 2, 7, 5, 4, 7, 1, 3, 5, 5, 0, 3, 3, 0]  
[2024-12-19 17:09:50,491] INFO day17-tree-solution:198 > Decimal: 38886110969332 octal: 0o1065674065136764 
[2024-12-19 17:09:50,491] INFO day17-tree-solution:193 > SOLUTION: Level: 16 | Visits: 1 | Num Children: 0 | Payload Fitness: 16 16 | Input: [4, 6, 7, 6, 3, 1, 5, 6, 0, 4, 7, 6, 5, 6, 0, 1] | Output [2, 4, 1, 2, 7, 5, 4, 7, 1, 3, 5, 5, 0, 3, 3, 0]  
[2024-12-19 17:09:50,491] INFO day17-tree-solution:198 > Decimal: 38886110969332 octal: 0o1065674065136764 
[2024-12-19 17:09:50,491] INFO day17-tree-solution:193 > SOLUTION: Level: 16 | Visits: 2 | Num Children: 0 | Payload Fitness: 16 16 | Input: [4, 6, 7, 6, 3, 1, 5, 6, 0, 4, 7, 6, 5, 6, 0, 1] | Output [2, 4, 1, 2, 7, 5, 4, 7, 1, 3, 5, 5, 0, 3, 3, 0]  
[2024-12-19 17:09:50,491] INFO day17-tree-solution:198 > Decimal: 38886110969332 octal: 0o1065674065136764 
[2024-12-19 17:09:50,491] INFO day17-tree-solution:193 > SOLUTION: Level: 16 | Visits: 3 | Num Children: 0 | Payload Fitness: 16 16 | Input: [4, 6, 7, 6, 3, 1, 5, 6, 0, 4, 7, 6, 5, 6, 0, 1] | Output [2, 4, 1, 2, 7, 5, 4, 7, 1, 3, 5, 5, 0, 3, 3, 0]  
[2024-12-19 17:09:50,491] INFO day17-tree-solution:198 > Decimal: 38886110969332 octal: 0o1065674065136764 
[2024-12-19 17:09:50,491] INFO day17-tree-solution:193 > SOLUTION: Level: 16 | Visits: 4 | Num Children: 0 | Payload Fitness: 16 16 | Input: [4, 6, 7, 6, 3, 1, 5, 6, 0, 4, 7, 6, 5, 6, 0, 1] | Output [2, 4, 1, 2, 7, 5, 4, 7, 1, 3, 5, 5, 0, 3, 3, 0]  
[2024-12-19 17:09:50,491] INFO day17-tree-solution:198 > Decimal: 38886110969332 octal: 0o1065674065136764 
[2024-12-19 17:09:50,491] INFO day17-tree-solution:193 > SOLUTION: Level: 16 | Visits: 5 | Num Children: 0 | Payload Fitness: 16 16 | Input: [4, 6, 7, 6, 3, 1, 5, 6, 0, 4, 7, 6, 5, 6, 0, 1] | Output [2, 4, 1, 2, 7, 5, 4, 7, 1, 3, 5, 5, 0, 3, 3, 0]  
[2024-12-19 17:09:50,491] INFO day17-tree-solution:198 > Decimal: 38886110969332 octal: 0o1065674065136764 
[2024-12-19 17:09:50,491] INFO day17-tree-solution:193 > SOLUTION: Level: 16 | Visits: 6 | Num Children: 0 | Payload Fitness: 16 16 | Input: [4, 6, 7, 6, 3, 1, 5, 6, 0, 4, 7, 6, 5, 6, 0, 1] | Output [2, 4, 1, 2, 7, 5, 4, 7, 1, 3, 5, 5, 0, 3, 3, 0]  
[2024-12-19 17:09:50,491] INFO day17-tree-solution:198 > Decimal: 38886110969332 octal: 0o1065674065136764 
[2024-12-19 17:09:50,491] INFO day17-tree-solution:193 > SOLUTION: Level: 16 | Visits: 7 | Num Children: 0 | Payload Fitness: 16 16 | Input: [4, 6, 7, 6, 3, 1, 5, 6, 0, 4, 7, 6, 5, 6, 0, 1] | Output [2, 4, 1, 2, 7, 5, 4, 7, 1, 3, 5, 5, 0, 3, 3, 0]  
[2024-12-19 17:09:50,491] INFO day17-tree-solution:198 > Decimal: 38886110969332 octal: 0o1065674065136764 
[2024-12-19 17:09:50,491] INFO day17-tree-solution:193 > SOLUTION: Level: 16 | Visits: 8 | Num Children: 0 | Payload Fitness: 16 16 | Input: [4, 6, 7, 6, 3, 1, 5, 6, 0, 4, 7, 6, 5, 6, 0, 1] | Output [2, 4, 1, 2, 7, 5, 4, 7, 1, 3, 5, 5, 0, 3, 3, 0]  
[2024-12-19 17:09:50,491] INFO day17-tree-solution:198 > Decimal: 38886110969332 octal: 0o1065674065136764 
[2024-12-19 17:09:50,491] INFO day17-tree-solution:193 > SOLUTION: Level: 16 | Visits: 9 | Num Children: 0 | Payload Fitness: 16 16 | Input: [4, 6, 7, 6, 3, 1, 5, 6, 0, 4, 7, 6, 5, 6, 0, 1] | Output [2, 4, 1, 2, 7, 5, 4, 7, 1, 3, 5, 5, 0, 3, 3, 0]  
[2024-12-19 17:09:50,491] INFO day17-tree-solution:198 > Decimal: 38886110969332 octal: 0o1065674065136764 
[2024-12-19 17:09:50,491] INFO day17-tree-solution:193 > SOLUTION: Level: 16 | Visits: 10 | Num Children: 0 | Payload Fitness: 16 16 | Input: [4, 6, 7, 6, 3, 1, 5, 6, 0, 4, 7, 6, 5, 6, 0, 1] | Output [2, 4, 1, 2, 7, 5, 4, 7, 1, 3, 5, 5, 0, 3, 3, 0]  
[2024-12-19 17:09:50,491] INFO day17-tree-solution:198 > Decimal: 38886110969332 octal: 0o1065674065136764 
[2024-12-19 17:09:50,491] INFO day17-tree-solution:193 > SOLUTION: Level: 16 | Visits: 11 | Num Children: 0 | Payload Fitness: 16 16 | Input: [4, 6, 7, 6, 3, 1, 5, 6, 0, 4, 7, 6, 5, 6, 0, 1] | Output [2, 4, 1, 2, 7, 5, 4, 7, 1, 3, 5, 5, 0, 3, 3, 0]  
[2024-12-19 17:09:50,491] INFO day17-tree-solution:198 > Decimal: 38886110969332 octal: 0o1065674065136764 
[2024-12-19 17:09:50,496] INFO day17-tree-solution:181 > Iteration 2500 Processing Level: 13 | Visits: 7 | Num Children: 8 | Payload Fitness: 13 13 | Input: [0, 0, 0, 6, 3, 1, 5, 6, 0, 4, 7, 6, 5, 6, 0, 1] | Output [1, 1, 5, 2, 7, 5, 4, 7, 1, 3, 5, 5, 0, 3, 3, 0]  | DOWN 1035 | UP 1129 | NEW 833 | ROLL 1126  3 
[2024-12-19 17:09:50,545] INFO day17-tree-solution:181 > Iteration 3000 Processing Level: 11 | Visits: 4 | Num Children: 8 | Payload Fitness: 10 11 | Input: [0, 0, 0, 0, 0, 6, 6, 7, 6, 4, 7, 6, 5, 6, 0, 1] | Output [1, 1, 1, 1, 5, 0, 4, 7, 1, 3, 5, 5, 0, 3, 3, 0]  | DOWN 1248 | UP 1368 | NEW 1004 | ROLL 1365  3 
[2024-12-19 17:09:50,590] INFO day17-tree-solution:181 > Iteration 3500 Processing Level: 9 | Visits: 0 | Num Children: 0 | Payload Fitness: 8 9 | Input: [0, 0, 0, 0, 0, 0, 0, 4, 2, 5, 7, 6, 5, 6, 0, 1] | Output [1, 1, 1, 1, 1, 1, 1, 0, 1, 3, 5, 5, 0, 3, 3, 0]  | DOWN 1480 | UP 1619 | NEW 1191 | ROLL 1616  3 
[2024-12-19 17:09:50,640] INFO day17-tree-solution:181 > Iteration 4000 Processing Level: 9 | Visits: 9 | Num Children: 8 | Payload Fitness: 9 10 | Input: [0, 0, 0, 0, 0, 0, 0, 0, 7, 4, 7, 6, 5, 6, 0, 1] | Output [1, 1, 1, 1, 1, 1, 1, 7, 1, 3, 5, 5, 0, 3, 3, 0]  | DOWN 1703 | UP 1869 | NEW 1366 | ROLL 1866  3 
[2024-12-19 17:09:50,690] INFO day17-tree-solution:181 > Iteration 4500 Processing Level: 3 | Visits: 0 | Num Children: 0 | Payload Fitness: 1 4 | Input: [0, 0, 0, 0, 0, 0, 0, 0, 0, 0, 0, 0, 0, 0, 5, 1] | Output [1, 1, 1, 1, 1, 1, 1, 1, 1, 1, 1, 1, 1, 3, 4, 0]  | DOWN 1925 | UP 2122 | NEW 1528 | ROLL 2119  3 
[2024-12-19 17:09:50,724] ERROR day17-tree-solution:134 > Want to go up, but could not get father ling 
[2024-12-19 17:09:50,724] ERROR day17-tree-solution:262 > ERROR: failed to select next 
[2024-12-19 17:09:50,724] ERROR day17-tree-solution:310 > ERROR: Search failed 
