[2024-12-16 18:30:06,799] INFO day16:195 > Begin 
[2024-12-16 18:30:06,799] DEBUG map_of_symbols:87 > Size H: 15 W: 15 
[2024-12-16 18:30:06,799] INFO map_of_symbols:97 > Loaded map size H: 15 W: 15 
[2024-12-16 18:30:06,799] INFO day16:70 > Agent Name: Start | Position: (13, 1) | Direction: > 
[2024-12-16 18:30:06,799] INFO day16:82 > Goal Name: Goal | Position: (1, 13) | Direction: > 
[2024-12-16 18:30:06,807] INFO map_of_symbols:145 > 
Width: 15 | Height: 15
# # # # # # # # # # # # # # # 
# . . . . . . . # . . . . . # 
# . # . # # # . # . # # # . # 
# . . . . . # . # . . . # . # 
# . # # # . # # # # # . # . # 
# . # . # . . . . . . . # . # 
# . # . # # # # # . # # # . # 
# . . . . . . . . . . . # . # 
# # # . # . # # # # # . # . # 
# . . . # . . . . . # . # . # 
# . # . # . # # # . # . # . # 
# . . . . . # . . . # . # . # 
# . # # # . # . # . # . # . # 
# . . . # . . . . . # . . . # 
# # # # # # # # # # # # # # #  
[2024-12-16 18:30:06,807] INFO day16:115 > Translate map from string to int 
[2024-12-16 18:30:06,807] INFO map_of_symbols:145 > 
Width: 15 | Height: 15
-1-1-1-1-1-1-1-1-1-1-1-1-1-1-1
-1 0 0 0 0 0 0 0-1 0 0 0 0 0-1
-1 0-1 0-1-1-1 0-1 0-1-1-1 0-1
-1 0 0 0 0 0-1 0-1 0 0 0-1 0-1
-1 0-1-1-1 0-1-1-1-1-1 0-1 0-1
-1 0-1 0-1 0 0 0 0 0 0 0-1 0-1
-1 0-1 0-1-1-1-1-1 0-1-1-1 0-1
-1 0 0 0 0 0 0 0 0 0 0 0-1 0-1
-1-1-1 0-1 0-1-1-1-1-1 0-1 0-1
-1 0 0 0-1 0 0 0 0 0-1 0-1 0-1
-1 0-1 0-1 0-1-1-1 0-1 0-1 0-1
-1 0 0 0 0 0-1 0 0 0-1 0-1 0-1
-1 0-1-1-1 0-1 0-1 0-1 0-1 0-1
-1 0 0 0-1 0 0 0 0 0-1 0 0 0-1
-1-1-1-1-1-1-1-1-1-1-1-1-1-1-1 
[2024-12-16 18:30:06,807] DEBUG day16:145 > [(12, 1), (14, 1), (13, 0), (13, 2)] 
[2024-12-16 18:30:06,807] INFO map_of_symbols:145 > 
Width: 15 | Height: 15
-1-1-1-1-1-1-1-1-1-1-1-1-1-1-1
-1 0 0 0 0 0 0 0-1 0 0 0 0 0-1
-1 0-1 0-1-1-1 0-1 0-1-1-1 0-1
-1 0 0 0 0 0-1 0-1 0 0 0-1 0-1
-1 0-1-1-1 0-1-1-1-1-1 0-1 0-1
-1 0-1 0-1 0 0 0 0 0 0 0-1 0-1
-1 0-1 0-1-1-1-1-1 0-1-1-1 0-1
-1 0 0 0 0 0 0 0 0 0 0 0-1 0-1
-1-1-1 0-1 0-1-1-1-1-1 0-1 0-1
-1 0 0 0-1 0 0 0 0 0-1 0-1 0-1
-1 0-1 0-1 0-1-1-1 0-1 0-1 0-1
-1 0 0 0 0 0-1 0 0 0-1 0-1 0-1
-1 1-1-1-1 0-1 0-1 0-1 0-1 0-1
-1 1 1 0-1 0 0 0 0 0-1 0 0 0-1
-1-1-1-1-1-1-1-1-1-1-1-1-1-1-1 
